Determining if the pthread_create exist failed with the following output:
Change Dir: /home/marcus/eece-5554/Lab2/lab2_ws/build/CMakeFiles/CMakeTmp

Run Build Command:"/usr/bin/make" "cmTC_0acff/fast"
/usr/bin/make -f CMakeFiles/cmTC_0acff.dir/build.make CMakeFiles/cmTC_0acff.dir/build
make[1]: Entering directory '/home/marcus/eece-5554/Lab2/lab2_ws/build/CMakeFiles/CMakeTmp'
Building C object CMakeFiles/cmTC_0acff.dir/CheckSymbolExists.c.o
/usr/bin/cc     -o CMakeFiles/cmTC_0acff.dir/CheckSymbolExists.c.o   -c /home/marcus/eece-5554/Lab2/lab2_ws/build/CMakeFiles/CMakeTmp/CheckSymbolExists.c
Linking C executable cmTC_0acff
/usr/bin/cmake -E cmake_link_script CMakeFiles/cmTC_0acff.dir/link.txt --verbose=1
/usr/bin/cc       CMakeFiles/cmTC_0acff.dir/CheckSymbolExists.c.o  -o cmTC_0acff -rdynamic 
CMakeFiles/cmTC_0acff.dir/CheckSymbolExists.c.o: In function `main':
CheckSymbolExists.c:(.text+0x16): undefined reference to `pthread_create'
collect2: error: ld returned 1 exit status
CMakeFiles/cmTC_0acff.dir/build.make:97: recipe for target 'cmTC_0acff' failed
make[1]: *** [cmTC_0acff] Error 1
make[1]: Leaving directory '/home/marcus/eece-5554/Lab2/lab2_ws/build/CMakeFiles/CMakeTmp'
Makefile:126: recipe for target 'cmTC_0acff/fast' failed
make: *** [cmTC_0acff/fast] Error 2

File /home/marcus/eece-5554/Lab2/lab2_ws/build/CMakeFiles/CMakeTmp/CheckSymbolExists.c:
/* */
#include <pthread.h>

int main(int argc, char** argv)
{
  (void)argv;
#ifndef pthread_create
  return ((int*)(&pthread_create))[argc];
#else
  (void)argc;
  return 0;
#endif
}

Determining if the function pthread_create exists in the pthreads failed with the following output:
Change Dir: /home/marcus/eece-5554/Lab2/lab2_ws/build/CMakeFiles/CMakeTmp

Run Build Command:"/usr/bin/make" "cmTC_9bdfd/fast"
/usr/bin/make -f CMakeFiles/cmTC_9bdfd.dir/build.make CMakeFiles/cmTC_9bdfd.dir/build
make[1]: Entering directory '/home/marcus/eece-5554/Lab2/lab2_ws/build/CMakeFiles/CMakeTmp'
Building C object CMakeFiles/cmTC_9bdfd.dir/CheckFunctionExists.c.o
/usr/bin/cc    -DCHECK_FUNCTION_EXISTS=pthread_create   -o CMakeFiles/cmTC_9bdfd.dir/CheckFunctionExists.c.o   -c /usr/share/cmake-3.5/Modules/CheckFunctionExists.c
Linking C executable cmTC_9bdfd
/usr/bin/cmake -E cmake_link_script CMakeFiles/cmTC_9bdfd.dir/link.txt --verbose=1
/usr/bin/cc   -DCHECK_FUNCTION_EXISTS=pthread_create    CMakeFiles/cmTC_9bdfd.dir/CheckFunctionExists.c.o  -o cmTC_9bdfd -rdynamic -lpthreads 
/usr/bin/ld: cannot find -lpthreads
collect2: error: ld returned 1 exit status
CMakeFiles/cmTC_9bdfd.dir/build.make:97: recipe for target 'cmTC_9bdfd' failed
make[1]: *** [cmTC_9bdfd] Error 1
make[1]: Leaving directory '/home/marcus/eece-5554/Lab2/lab2_ws/build/CMakeFiles/CMakeTmp'
Makefile:126: recipe for target 'cmTC_9bdfd/fast' failed
make: *** [cmTC_9bdfd/fast] Error 2


